/home/thien/.local/lib/python3.10/site-packages/diffusers/utils/outputs.py:63: FutureWarning: `torch.utils._pytree._register_pytree_node` is deprecated. Please use `torch.utils._pytree.register_pytree_node` instead.
  torch.utils._pytree._register_pytree_node(
Special tokens have been added in the vocabulary, make sure the associated word embeddings are fine-tuned or trained.
Some weights of the model checkpoint at /home/thien/TinyVLA/pretrained/Llava-Pythia-400M were not used when initializing LlavaPythiaForCausalLM: ['embed_out.weight']
- This IS expected if you are initializing LlavaPythiaForCausalLM from the checkpoint of a model trained on another task or with another architecture (e.g. initializing a BertForSequenceClassification model from a BertForPreTraining model).
- This IS NOT expected if you are initializing LlavaPythiaForCausalLM from the checkpoint of a model that you expect to be exactly identical (initializing a BertForSequenceClassification model from a BertForSequenceClassification model).
Some weights of LlavaPythiaForCausalLM were not initialized from the model checkpoint at /home/thien/TinyVLA/pretrained/Llava-Pythia-400M and are newly initialized: ['embed_out.combine.bias', 'embed_out.combine.weight', 'embed_out.diffusion_step_encoder.1.bias', 'embed_out.diffusion_step_encoder.1.weight', 'embed_out.diffusion_step_encoder.3.bias', 'embed_out.diffusion_step_encoder.3.weight', 'embed_out.down_modules.0.0.blocks.0.block.0.bias', 'embed_out.down_modules.0.0.blocks.0.block.0.weight', 'embed_out.down_modules.0.0.blocks.0.block.1.bias', 'embed_out.down_modules.0.0.blocks.0.block.1.weight', 'embed_out.down_modules.0.0.blocks.1.block.0.bias', 'embed_out.down_modules.0.0.blocks.1.block.0.weight', 'embed_out.down_modules.0.0.blocks.1.block.1.bias', 'embed_out.down_modules.0.0.blocks.1.block.1.weight', 'embed_out.down_modules.0.0.cond_encoder.1.bias', 'embed_out.down_modules.0.0.cond_encoder.1.weight', 'embed_out.down_modules.0.0.residual_conv.bias', 'embed_out.down_modules.0.0.residual_conv.weight', 'embed_out.down_modules.0.1.blocks.0.block.0.bias', 'embed_out.down_modules.0.1.blocks.0.block.0.weight', 'embed_out.down_modules.0.1.blocks.0.block.1.bias', 'embed_out.down_modules.0.1.blocks.0.block.1.weight', 'embed_out.down_modules.0.1.blocks.1.block.0.bias', 'embed_out.down_modules.0.1.blocks.1.block.0.weight', 'embed_out.down_modules.0.1.blocks.1.block.1.bias', 'embed_out.down_modules.0.1.blocks.1.block.1.weight', 'embed_out.down_modules.0.1.cond_encoder.1.bias', 'embed_out.down_modules.0.1.cond_encoder.1.weight', 'embed_out.down_modules.0.2.conv.bias', 'embed_out.down_modules.0.2.conv.weight', 'embed_out.down_modules.1.0.blocks.0.block.0.bias', 'embed_out.down_modules.1.0.blocks.0.block.0.weight', 'embed_out.down_modules.1.0.blocks.0.block.1.bias', 'embed_out.down_modules.1.0.blocks.0.block.1.weight', 'embed_out.down_modules.1.0.blocks.1.block.0.bias', 'embed_out.down_modules.1.0.blocks.1.block.0.weight', 'embed_out.down_modules.1.0.blocks.1.block.1.bias', 'embed_out.down_modules.1.0.blocks.1.block.1.weight', 'embed_out.down_modules.1.0.cond_encoder.1.bias', 'embed_out.down_modules.1.0.cond_encoder.1.weight', 'embed_out.down_modules.1.0.residual_conv.bias', 'embed_out.down_modules.1.0.residual_conv.weight', 'embed_out.down_modules.1.1.blocks.0.block.0.bias', 'embed_out.down_modules.1.1.blocks.0.block.0.weight', 'embed_out.down_modules.1.1.blocks.0.block.1.bias', 'embed_out.down_modules.1.1.blocks.0.block.1.weight', 'embed_out.down_modules.1.1.blocks.1.block.0.bias', 'embed_out.down_modules.1.1.blocks.1.block.0.weight', 'embed_out.down_modules.1.1.blocks.1.block.1.bias', 'embed_out.down_modules.1.1.blocks.1.block.1.weight', 'embed_out.down_modules.1.1.cond_encoder.1.bias', 'embed_out.down_modules.1.1.cond_encoder.1.weight', 'embed_out.down_modules.1.2.conv.bias', 'embed_out.down_modules.1.2.conv.weight', 'embed_out.down_modules.2.0.blocks.0.block.0.bias', 'embed_out.down_modules.2.0.blocks.0.block.0.weight', 'embed_out.down_modules.2.0.blocks.0.block.1.bias', 'embed_out.down_modules.2.0.blocks.0.block.1.weight', 'embed_out.down_modules.2.0.blocks.1.block.0.bias', 'embed_out.down_modules.2.0.blocks.1.block.0.weight', 'embed_out.down_modules.2.0.blocks.1.block.1.bias', 'embed_out.down_modules.2.0.blocks.1.block.1.weight', 'embed_out.down_modules.2.0.cond_encoder.1.bias', 'embed_out.down_modules.2.0.cond_encoder.1.weight', 'embed_out.down_modules.2.0.residual_conv.bias', 'embed_out.down_modules.2.0.residual_conv.weight', 'embed_out.down_modules.2.1.blocks.0.block.0.bias', 'embed_out.down_modules.2.1.blocks.0.block.0.weight', 'embed_out.down_modules.2.1.blocks.0.block.1.bias', 'embed_out.down_modules.2.1.blocks.0.block.1.weight', 'embed_out.down_modules.2.1.blocks.1.block.0.bias', 'embed_out.down_modules.2.1.blocks.1.block.0.weight', 'embed_out.down_modules.2.1.blocks.1.block.1.bias', 'embed_out.down_modules.2.1.blocks.1.block.1.weight', 'embed_out.down_modules.2.1.cond_encoder.1.bias', 'embed_out.down_modules.2.1.cond_encoder.1.weight', 'embed_out.final_conv.0.block.0.bias', 'embed_out.final_conv.0.block.0.weight', 'embed_out.final_conv.0.block.1.bias', 'embed_out.final_conv.0.block.1.weight', 'embed_out.final_conv.1.bias', 'embed_out.final_conv.1.weight', 'embed_out.mid_modules.0.blocks.0.block.0.bias', 'embed_out.mid_modules.0.blocks.0.block.0.weight', 'embed_out.mid_modules.0.blocks.0.block.1.bias', 'embed_out.mid_modules.0.blocks.0.block.1.weight', 'embed_out.mid_modules.0.blocks.1.block.0.bias', 'embed_out.mid_modules.0.blocks.1.block.0.weight', 'embed_out.mid_modules.0.blocks.1.block.1.bias', 'embed_out.mid_modules.0.blocks.1.block.1.weight', 'embed_out.mid_modules.0.cond_encoder.1.bias', 'embed_out.mid_modules.0.cond_encoder.1.weight', 'embed_out.mid_modules.1.blocks.0.block.0.bias', 'embed_out.mid_modules.1.blocks.0.block.0.weight', 'embed_out.mid_modules.1.blocks.0.block.1.bias', 'embed_out.mid_modules.1.blocks.0.block.1.weight', 'embed_out.mid_modules.1.blocks.1.block.0.bias', 'embed_out.mid_modules.1.blocks.1.block.0.weight', 'embed_out.mid_modules.1.blocks.1.block.1.bias', 'embed_out.mid_modules.1.blocks.1.block.1.weight', 'embed_out.mid_modules.1.cond_encoder.1.bias', 'embed_out.mid_modules.1.cond_encoder.1.weight', 'embed_out.norm_after_pool.bias', 'embed_out.norm_after_pool.weight', 'embed_out.up_modules.0.0.blocks.0.block.0.bias', 'embed_out.up_modules.0.0.blocks.0.block.0.weight', 'embed_out.up_modules.0.0.blocks.0.block.1.bias', 'embed_out.up_modules.0.0.blocks.0.block.1.weight', 'embed_out.up_modules.0.0.blocks.1.block.0.bias', 'embed_out.up_modules.0.0.blocks.1.block.0.weight', 'embed_out.up_modules.0.0.blocks.1.block.1.bias', 'embed_out.up_modules.0.0.blocks.1.block.1.weight', 'embed_out.up_modules.0.0.cond_encoder.1.bias', 'embed_out.up_modules.0.0.cond_encoder.1.weight', 'embed_out.up_modules.0.0.residual_conv.bias', 'embed_out.up_modules.0.0.residual_conv.weight', 'embed_out.up_modules.0.1.blocks.0.block.0.bias', 'embed_out.up_modules.0.1.blocks.0.block.0.weight', 'embed_out.up_modules.0.1.blocks.0.block.1.bias', 'embed_out.up_modules.0.1.blocks.0.block.1.weight', 'embed_out.up_modules.0.1.blocks.1.block.0.bias', 'embed_out.up_modules.0.1.blocks.1.block.0.weight', 'embed_out.up_modules.0.1.blocks.1.block.1.bias', 'embed_out.up_modules.0.1.blocks.1.block.1.weight', 'embed_out.up_modules.0.1.cond_encoder.1.bias', 'embed_out.up_modules.0.1.cond_encoder.1.weight', 'embed_out.up_modules.0.2.conv.bias', 'embed_out.up_modules.0.2.conv.weight', 'embed_out.up_modules.1.0.blocks.0.block.0.bias', 'embed_out.up_modules.1.0.blocks.0.block.0.weight', 'embed_out.up_modules.1.0.blocks.0.block.1.bias', 'embed_out.up_modules.1.0.blocks.0.block.1.weight', 'embed_out.up_modules.1.0.blocks.1.block.0.bias', 'embed_out.up_modules.1.0.blocks.1.block.0.weight', 'embed_out.up_modules.1.0.blocks.1.block.1.bias', 'embed_out.up_modules.1.0.blocks.1.block.1.weight', 'embed_out.up_modules.1.0.cond_encoder.1.bias', 'embed_out.up_modules.1.0.cond_encoder.1.weight', 'embed_out.up_modules.1.0.residual_conv.bias', 'embed_out.up_modules.1.0.residual_conv.weight', 'embed_out.up_modules.1.1.blocks.0.block.0.bias', 'embed_out.up_modules.1.1.blocks.0.block.0.weight', 'embed_out.up_modules.1.1.blocks.0.block.1.bias', 'embed_out.up_modules.1.1.blocks.0.block.1.weight', 'embed_out.up_modules.1.1.blocks.1.block.0.bias', 'embed_out.up_modules.1.1.blocks.1.block.0.weight', 'embed_out.up_modules.1.1.blocks.1.block.1.bias', 'embed_out.up_modules.1.1.blocks.1.block.1.weight', 'embed_out.up_modules.1.1.cond_encoder.1.bias', 'embed_out.up_modules.1.1.cond_encoder.1.weight', 'embed_out.up_modules.1.2.conv.bias', 'embed_out.up_modules.1.2.conv.weight']
You should probably TRAIN this model on a down-stream task to be able to use it for predictions and inference.
/home/thien/TinyVLA/llava-pythia/llava_pythia/model/builder.py:68: FutureWarning: You are using `torch.load` with `weights_only=False` (the current default value), which uses the default pickle module implicitly. It is possible to construct malicious pickle data which will execute arbitrary code during unpickling (See https://github.com/pytorch/pytorch/blob/main/SECURITY.md#untrusted-models for more details). In a future release, the default value for `weights_only` will be flipped to `True`. This limits the functions that could be executed during unpickling. Arbitrary objects will no longer be allowed to be loaded via this mode unless they are explicitly allowlisted by the user via `torch.serialization.add_safe_globals`. We recommend you start setting `weights_only=True` for any use case where you don't have full control of the loaded file. Please open an issue on GitHub for any issues related to this experimental feature.
  non_lora_trainables = torch.load(os.path.join(model_path, 'non_lora_trainables.bin'), map_location='cpu')
/home/thien/.local/lib/python3.10/site-packages/peft/peft_model.py:556: FutureWarning: You are using `torch.load` with `weights_only=False` (the current default value), which uses the default pickle module implicitly. It is possible to construct malicious pickle data which will execute arbitrary code during unpickling (See https://github.com/pytorch/pytorch/blob/main/SECURITY.md#untrusted-models for more details). In a future release, the default value for `weights_only` will be flipped to `True`. This limits the functions that could be executed during unpickling. Arbitrary objects will no longer be allowed to be loaded via this mode unless they are explicitly allowlisted by the user via `torch.serialization.add_safe_globals`. We recommend you start setting `weights_only=True` for any use case where you don't have full control of the loaded file. Please open an issue on GitHub for any issues related to this experimental feature.
  adapters_weights = torch.load(
Special tokens have been added in the vocabulary, make sure the associated word embeddings are fine-tuned or trained.
Some weights of the model checkpoint at /home/thien/TinyVLA/pretrained/Llava-Pythia-400M were not used when initializing LlavaPythiaForCausalLM: ['embed_out.weight']
- This IS expected if you are initializing LlavaPythiaForCausalLM from the checkpoint of a model trained on another task or with another architecture (e.g. initializing a BertForSequenceClassification model from a BertForPreTraining model).
- This IS NOT expected if you are initializing LlavaPythiaForCausalLM from the checkpoint of a model that you expect to be exactly identical (initializing a BertForSequenceClassification model from a BertForSequenceClassification model).
Some weights of LlavaPythiaForCausalLM were not initialized from the model checkpoint at /home/thien/TinyVLA/pretrained/Llava-Pythia-400M and are newly initialized: ['embed_out.combine.bias', 'embed_out.combine.weight', 'embed_out.diffusion_step_encoder.1.bias', 'embed_out.diffusion_step_encoder.1.weight', 'embed_out.diffusion_step_encoder.3.bias', 'embed_out.diffusion_step_encoder.3.weight', 'embed_out.down_modules.0.0.blocks.0.block.0.bias', 'embed_out.down_modules.0.0.blocks.0.block.0.weight', 'embed_out.down_modules.0.0.blocks.0.block.1.bias', 'embed_out.down_modules.0.0.blocks.0.block.1.weight', 'embed_out.down_modules.0.0.blocks.1.block.0.bias', 'embed_out.down_modules.0.0.blocks.1.block.0.weight', 'embed_out.down_modules.0.0.blocks.1.block.1.bias', 'embed_out.down_modules.0.0.blocks.1.block.1.weight', 'embed_out.down_modules.0.0.cond_encoder.1.bias', 'embed_out.down_modules.0.0.cond_encoder.1.weight', 'embed_out.down_modules.0.0.residual_conv.bias', 'embed_out.down_modules.0.0.residual_conv.weight', 'embed_out.down_modules.0.1.blocks.0.block.0.bias', 'embed_out.down_modules.0.1.blocks.0.block.0.weight', 'embed_out.down_modules.0.1.blocks.0.block.1.bias', 'embed_out.down_modules.0.1.blocks.0.block.1.weight', 'embed_out.down_modules.0.1.blocks.1.block.0.bias', 'embed_out.down_modules.0.1.blocks.1.block.0.weight', 'embed_out.down_modules.0.1.blocks.1.block.1.bias', 'embed_out.down_modules.0.1.blocks.1.block.1.weight', 'embed_out.down_modules.0.1.cond_encoder.1.bias', 'embed_out.down_modules.0.1.cond_encoder.1.weight', 'embed_out.down_modules.0.2.conv.bias', 'embed_out.down_modules.0.2.conv.weight', 'embed_out.down_modules.1.0.blocks.0.block.0.bias', 'embed_out.down_modules.1.0.blocks.0.block.0.weight', 'embed_out.down_modules.1.0.blocks.0.block.1.bias', 'embed_out.down_modules.1.0.blocks.0.block.1.weight', 'embed_out.down_modules.1.0.blocks.1.block.0.bias', 'embed_out.down_modules.1.0.blocks.1.block.0.weight', 'embed_out.down_modules.1.0.blocks.1.block.1.bias', 'embed_out.down_modules.1.0.blocks.1.block.1.weight', 'embed_out.down_modules.1.0.cond_encoder.1.bias', 'embed_out.down_modules.1.0.cond_encoder.1.weight', 'embed_out.down_modules.1.0.residual_conv.bias', 'embed_out.down_modules.1.0.residual_conv.weight', 'embed_out.down_modules.1.1.blocks.0.block.0.bias', 'embed_out.down_modules.1.1.blocks.0.block.0.weight', 'embed_out.down_modules.1.1.blocks.0.block.1.bias', 'embed_out.down_modules.1.1.blocks.0.block.1.weight', 'embed_out.down_modules.1.1.blocks.1.block.0.bias', 'embed_out.down_modules.1.1.blocks.1.block.0.weight', 'embed_out.down_modules.1.1.blocks.1.block.1.bias', 'embed_out.down_modules.1.1.blocks.1.block.1.weight', 'embed_out.down_modules.1.1.cond_encoder.1.bias', 'embed_out.down_modules.1.1.cond_encoder.1.weight', 'embed_out.down_modules.1.2.conv.bias', 'embed_out.down_modules.1.2.conv.weight', 'embed_out.down_modules.2.0.blocks.0.block.0.bias', 'embed_out.down_modules.2.0.blocks.0.block.0.weight', 'embed_out.down_modules.2.0.blocks.0.block.1.bias', 'embed_out.down_modules.2.0.blocks.0.block.1.weight', 'embed_out.down_modules.2.0.blocks.1.block.0.bias', 'embed_out.down_modules.2.0.blocks.1.block.0.weight', 'embed_out.down_modules.2.0.blocks.1.block.1.bias', 'embed_out.down_modules.2.0.blocks.1.block.1.weight', 'embed_out.down_modules.2.0.cond_encoder.1.bias', 'embed_out.down_modules.2.0.cond_encoder.1.weight', 'embed_out.down_modules.2.0.residual_conv.bias', 'embed_out.down_modules.2.0.residual_conv.weight', 'embed_out.down_modules.2.1.blocks.0.block.0.bias', 'embed_out.down_modules.2.1.blocks.0.block.0.weight', 'embed_out.down_modules.2.1.blocks.0.block.1.bias', 'embed_out.down_modules.2.1.blocks.0.block.1.weight', 'embed_out.down_modules.2.1.blocks.1.block.0.bias', 'embed_out.down_modules.2.1.blocks.1.block.0.weight', 'embed_out.down_modules.2.1.blocks.1.block.1.bias', 'embed_out.down_modules.2.1.blocks.1.block.1.weight', 'embed_out.down_modules.2.1.cond_encoder.1.bias', 'embed_out.down_modules.2.1.cond_encoder.1.weight', 'embed_out.final_conv.0.block.0.bias', 'embed_out.final_conv.0.block.0.weight', 'embed_out.final_conv.0.block.1.bias', 'embed_out.final_conv.0.block.1.weight', 'embed_out.final_conv.1.bias', 'embed_out.final_conv.1.weight', 'embed_out.mid_modules.0.blocks.0.block.0.bias', 'embed_out.mid_modules.0.blocks.0.block.0.weight', 'embed_out.mid_modules.0.blocks.0.block.1.bias', 'embed_out.mid_modules.0.blocks.0.block.1.weight', 'embed_out.mid_modules.0.blocks.1.block.0.bias', 'embed_out.mid_modules.0.blocks.1.block.0.weight', 'embed_out.mid_modules.0.blocks.1.block.1.bias', 'embed_out.mid_modules.0.blocks.1.block.1.weight', 'embed_out.mid_modules.0.cond_encoder.1.bias', 'embed_out.mid_modules.0.cond_encoder.1.weight', 'embed_out.mid_modules.1.blocks.0.block.0.bias', 'embed_out.mid_modules.1.blocks.0.block.0.weight', 'embed_out.mid_modules.1.blocks.0.block.1.bias', 'embed_out.mid_modules.1.blocks.0.block.1.weight', 'embed_out.mid_modules.1.blocks.1.block.0.bias', 'embed_out.mid_modules.1.blocks.1.block.0.weight', 'embed_out.mid_modules.1.blocks.1.block.1.bias', 'embed_out.mid_modules.1.blocks.1.block.1.weight', 'embed_out.mid_modules.1.cond_encoder.1.bias', 'embed_out.mid_modules.1.cond_encoder.1.weight', 'embed_out.norm_after_pool.bias', 'embed_out.norm_after_pool.weight', 'embed_out.up_modules.0.0.blocks.0.block.0.bias', 'embed_out.up_modules.0.0.blocks.0.block.0.weight', 'embed_out.up_modules.0.0.blocks.0.block.1.bias', 'embed_out.up_modules.0.0.blocks.0.block.1.weight', 'embed_out.up_modules.0.0.blocks.1.block.0.bias', 'embed_out.up_modules.0.0.blocks.1.block.0.weight', 'embed_out.up_modules.0.0.blocks.1.block.1.bias', 'embed_out.up_modules.0.0.blocks.1.block.1.weight', 'embed_out.up_modules.0.0.cond_encoder.1.bias', 'embed_out.up_modules.0.0.cond_encoder.1.weight', 'embed_out.up_modules.0.0.residual_conv.bias', 'embed_out.up_modules.0.0.residual_conv.weight', 'embed_out.up_modules.0.1.blocks.0.block.0.bias', 'embed_out.up_modules.0.1.blocks.0.block.0.weight', 'embed_out.up_modules.0.1.blocks.0.block.1.bias', 'embed_out.up_modules.0.1.blocks.0.block.1.weight', 'embed_out.up_modules.0.1.blocks.1.block.0.bias', 'embed_out.up_modules.0.1.blocks.1.block.0.weight', 'embed_out.up_modules.0.1.blocks.1.block.1.bias', 'embed_out.up_modules.0.1.blocks.1.block.1.weight', 'embed_out.up_modules.0.1.cond_encoder.1.bias', 'embed_out.up_modules.0.1.cond_encoder.1.weight', 'embed_out.up_modules.0.2.conv.bias', 'embed_out.up_modules.0.2.conv.weight', 'embed_out.up_modules.1.0.blocks.0.block.0.bias', 'embed_out.up_modules.1.0.blocks.0.block.0.weight', 'embed_out.up_modules.1.0.blocks.0.block.1.bias', 'embed_out.up_modules.1.0.blocks.0.block.1.weight', 'embed_out.up_modules.1.0.blocks.1.block.0.bias', 'embed_out.up_modules.1.0.blocks.1.block.0.weight', 'embed_out.up_modules.1.0.blocks.1.block.1.bias', 'embed_out.up_modules.1.0.blocks.1.block.1.weight', 'embed_out.up_modules.1.0.cond_encoder.1.bias', 'embed_out.up_modules.1.0.cond_encoder.1.weight', 'embed_out.up_modules.1.0.residual_conv.bias', 'embed_out.up_modules.1.0.residual_conv.weight', 'embed_out.up_modules.1.1.blocks.0.block.0.bias', 'embed_out.up_modules.1.1.blocks.0.block.0.weight', 'embed_out.up_modules.1.1.blocks.0.block.1.bias', 'embed_out.up_modules.1.1.blocks.0.block.1.weight', 'embed_out.up_modules.1.1.blocks.1.block.0.bias', 'embed_out.up_modules.1.1.blocks.1.block.0.weight', 'embed_out.up_modules.1.1.blocks.1.block.1.bias', 'embed_out.up_modules.1.1.blocks.1.block.1.weight', 'embed_out.up_modules.1.1.cond_encoder.1.bias', 'embed_out.up_modules.1.1.cond_encoder.1.weight', 'embed_out.up_modules.1.2.conv.bias', 'embed_out.up_modules.1.2.conv.weight']
You should probably TRAIN this model on a down-stream task to be able to use it for predictions and inference.
===== OFFLINE CKPT COMPARE 2000 vs 4000 =====
image used: captures/until_push_v2_cycle_016_before_annotated_20260630_102136.jpg
image raw shape: (720, 1280, 3)
log used: logs/run_tinyvla_until_push_v2_max16_2000.log
joints used: [-0.095331 -0.882856 -0.364731  0.783957  0.486179 -1.116699]
instruction: push the object

===== TRAIN SUMMARY CKPT_2000 =====
ckpt: /home/thien/tinyvla_niryo_ckpt/train_delta6_nodeepspeed_fp32_2000steps
exists: True
global_step: 2000
max_steps: 2000
last eval: (2000, 0.22422917187213898)
best eval: (2000, 0.22422917187213898)

===== TRAIN SUMMARY CKPT_4000 =====
ckpt: /home/thien/tinyvla_niryo_ckpt/train_delta6_nodeepspeed_fp32_4000steps
exists: True
global_step: 4000
max_steps: 4000
last eval: (4000, 0.1762184202671051)
best eval: (3800, 0.16453994810581207)
log: train_nodeepspeed_fp32_4000steps_full.log
last eval from log: (-1, 0.1762184202671051)
best eval from log: (-1, 0.16453994810581207)

===== LOAD + INFER CKPT_2000 =====
ckpt: /home/thien/tinyvla_niryo_ckpt/train_delta6_nodeepspeed_fp32_2000steps
raw joints: [-0.095331 -0.882856 -0.364731  0.783957  0.486179 -1.116699]
normalized joints: [-0.250565 -1.377022  1.401273  3.10324   0.899953 -5.352236]
normalized abs max: 5.352235317230225
Loading LLaVA-Pythia from base model...
number of parameters: 7.282381e+07
Loading additional LLaVA-Pythia weights...
Loading LoRA weights...
Merging LoRA weights...
Model is loaded...
{'device_map': 'cuda', 'torch_dtype': torch.float16}
actions normalized shape: (1, 4, 6)
real actions:
[[-4.4210e-03 -1.3732e-02  1.5281e-02 -2.0960e-03  8.3830e-03 -6.1500e-04]
 [-6.7620e-03 -1.5775e-02  1.3671e-02 -1.4540e-03  9.9940e-03  4.3230e-03]
 [-5.2170e-03 -1.1150e-02  1.1640e-02  7.9000e-05  1.0320e-02  2.0210e-03]
 [-5.2460e-03 -1.0546e-02  1.2029e-02 -1.3200e-04  8.9070e-03 -2.3800e-04]]
safe actions scale/clip:
safe_scale: 1.0 safe_clip: 0.02
[[-4.4210e-03 -1.3732e-02  1.5281e-02 -2.0960e-03  8.3830e-03 -6.1500e-04]
 [-6.7620e-03 -1.5775e-02  1.3671e-02 -1.4540e-03  9.9940e-03  4.3230e-03]
 [-5.2170e-03 -1.1150e-02  1.1640e-02  7.9000e-05  1.0320e-02  2.0210e-03]
 [-5.2460e-03 -1.0546e-02  1.2029e-02 -1.3200e-04  8.9070e-03 -2.3800e-04]]
real abs max: 0.015775058418512344
real norms: [0.02273  0.024539 0.01994  0.019048]
safe abs max: 0.015775058418512344
safe norms: [0.02273  0.024539 0.01994  0.019048]
safe cumulative 4-action delta:
[-0.021645 -0.051202  0.052621 -0.003603  0.037605  0.005491]
within dataset min/max ratio: 1.0

===== LOAD + INFER CKPT_4000 =====
ckpt: /home/thien/tinyvla_niryo_ckpt/train_delta6_nodeepspeed_fp32_4000steps
raw joints: [-0.095331 -0.882856 -0.364731  0.783957  0.486179 -1.116699]
normalized joints: [-0.250565 -1.377022  1.401273  3.10324   0.899953 -5.352236]
normalized abs max: 5.352235317230225
Loading LLaVA-Pythia from base model...
number of parameters: 7.282381e+07
Loading additional LLaVA-Pythia weights...
Loading LoRA weights...
Merging LoRA weights...
Model is loaded...
{'device_map': 'cuda', 'torch_dtype': torch.float16}
actions normalized shape: (1, 4, 6)
real actions:
[[-0.001236 -0.009401  0.015357 -0.008916  0.009241 -0.005231]
 [-0.00242  -0.010269  0.017116  0.001446  0.009561 -0.007609]
 [ 0.003902 -0.010676  0.015798 -0.009417  0.012193  0.000213]
 [ 0.003028 -0.010791  0.021514 -0.000954  0.004929 -0.00405 ]]
safe actions scale/clip:
safe_scale: 1.0 safe_clip: 0.02
[[-0.001236 -0.009401  0.015357 -0.008916  0.009241 -0.005231]
 [-0.00242  -0.010269  0.017116  0.001446  0.009561 -0.007609]
 [ 0.003902 -0.010676  0.015798 -0.009417  0.012193  0.000213]
 [ 0.003028 -0.010791  0.02     -0.000954  0.004929 -0.00405 ]]
real abs max: 0.021513499319553375
real norms: [0.022759 0.023573 0.024823 0.025101]
safe abs max: 0.019999999552965164
safe norms: [0.022759 0.023573 0.024823 0.023816]
safe cumulative 4-action delta:
[ 0.003274 -0.041136  0.06827  -0.017841  0.035923 -0.016677]
within dataset min/max ratio: 1.0

===== DIRECT COMPARISON =====
cum 2000: [-0.021645 -0.051202  0.052621 -0.003603  0.037605  0.005491]
cum 4000: [ 0.003274 -0.041136  0.06827  -0.017841  0.035923 -0.016677]
cum diff 4000-2000: [ 0.024919  0.010065  0.015649 -0.014237 -0.001681 -0.022168]

mean real norm 2000: 0.021564412862062454
mean real norm 4000: 0.024063777178525925
action direction cosine similarity per step:
[0.905802 0.817539 0.82446  0.840132]
mean cosine similarity: 0.8469833731651306

DONE. Offline compare finished.
Note: offline better action does not guarantee real push success; robot test is still needed.
