====================================================================================================
GOAL_V1 RETRIEVAL POLICY INFERENCE
====================================================================================================
Policy: goal_v1/checkpoints/goal_v1_retrieval_policy.npz
Input : ep_057.npz
object_feature [cx, cy, area]: [0.77839696 0.2455373  0.00371202]
true_zone: far_left

====================================================================================================
PREDICTION: main_classifier_zone
====================================================================================================
Pred zone: far_left
Zone agree: 1.0

Classifier nearest:
  train_pos=45 dist=0.002696 zone=far_left
  train_pos=50 dist=0.003681 zone=far_left

Selected demos for interpolation:
  ep_058.npz   zone=far_left       dist=0.002696 weight=0.371
  ep_064.npz   zone=far_left       dist=0.003681 weight=0.272
  ep_059.npz   zone=far_left       dist=0.006353 weight=0.158
  ep_061.npz   zone=far_left       dist=0.007859 weight=0.127
  ep_060.npz   zone=far_left       dist=0.013897 weight=0.072

Predicted 3 joint goals:
  goal 1 - approach-ish: [ 0.315302 -0.731349 -0.575963  0.266554  0.561316 -0.035807]
  goal 2 - contact-ish : [ 0.221594 -0.936471 -0.093409  0.168655  0.338515 -0.073896]
  goal 3 - end-push    : [ 0.086426 -0.261406 -1.017162  0.016717 -0.062254 -0.042552]

====================================================================================================
PREDICTION: backup_global
====================================================================================================

Selected demos for interpolation:
  ep_058.npz   zone=far_left       dist=0.006388 weight=0.623
  ep_061.npz   zone=far_left       dist=0.010546 weight=0.377

Predicted 3 joint goals:
  goal 1 - approach-ish: [ 0.30592  -0.820964 -0.470316  0.284051  0.606294 -0.061636]
  goal 2 - contact-ish : [ 0.227067 -0.883933 -0.133457  0.145923  0.280652 -0.106656]
  goal 3 - end-push    : [ 0.079962 -0.299411 -0.990156  0.012261 -0.037897 -0.027263]

====================================================================================================
COMPARE WITH TRUE GOAL
====================================================================================================

True 3 joint goals:
  goal 1 - approach-ish: [ 0.427308 -0.286232 -0.938707  0.641297  0.167173 -0.3872  ]
  goal 2 - contact-ish : [ 0.311435 -1.046542 -0.116434  0.528334  0.613622 -0.313916]
  goal 3 - end-push    : [ 0.143719 -0.229772 -1.01195   0.052248 -0.113607 -0.027572]

main_classifier_zone error:
  MAE all: 0.18521617352962494
  norm goal 1: 0.8726484775543213
  norm goal 2: 0.5323343276977539
  norm goal 3: 0.09183868765830994
  diff goal 1: [-0.112006 -0.445117  0.362743 -0.374742  0.394143  0.351393]
  diff goal 2: [-0.089841  0.110071  0.023025 -0.359679 -0.275107  0.24002 ]
  diff goal 3: [-0.057293 -0.031634 -0.005212 -0.035531  0.051354 -0.014979]

backup_global error:
  MAE all: 0.2057933658361435
  norm goal 1: 0.9728857278823853
  norm goal 2: 0.5778526067733765
  norm goal 3: 0.12930889427661896
  diff goal 1: [-0.121388 -0.534732  0.468391 -0.357246  0.439121  0.325564]
  diff goal 2: [-0.084369  0.162609 -0.017023 -0.382411 -0.33297   0.20726 ]
  diff goal 3: [-0.063757 -0.069639  0.021795 -0.039987  0.075711  0.000309]

====================================================================================================
DONE
====================================================================================================
ĐỌC NHANH:
- Đây chỉ là dự đoán offline.
- Tuyệt đối chưa dùng các joint goal này để chạy robot.
- Bước sau ta sẽ tạo dry-run kiểm tra giới hạn khớp và độ nhảy giữa 3 goal.
====================================================================================================
