====================================================================================================
GOAL_V1 RETRIEVAL POLICY INFERENCE
====================================================================================================
Policy: goal_v1/checkpoints/goal_v1_retrieval_policy.npz
Input : ep_026.npz
object_feature [cx, cy, area]: [0.7673067  0.45228928 0.00358995]
true_zone: mid_center

====================================================================================================
PREDICTION: main_classifier_zone
====================================================================================================
Pred zone: mid_center
Zone agree: 1.0

Classifier nearest:
  train_pos=25 dist=0.006993 zone=mid_center
  train_pos=24 dist=0.007496 zone=mid_center

Selected demos for interpolation:
  ep_031.npz   zone=mid_center     dist=0.006993 weight=0.328
  ep_030.npz   zone=mid_center     dist=0.007496 weight=0.306
  ep_025.npz   zone=mid_center     dist=0.010229 weight=0.224
  ep_032.npz   zone=mid_center     dist=0.019908 weight=0.115
  ep_028.npz   zone=mid_center     dist=0.086645 weight=0.026

Predicted 3 joint goals:
  goal 1 - approach-ish: [-0.033098 -0.481628 -0.895026 -0.051429  0.27339  -0.047862]
  goal 2 - contact-ish : [-0.027551 -0.78092  -0.421723 -0.06942   0.308894 -0.057181]
  goal 3 - end-push    : [ 0.021709 -0.155113 -1.140132 -0.078905  0.018387 -0.042169]

====================================================================================================
PREDICTION: backup_global
====================================================================================================

Selected demos for interpolation:
  ep_030.npz   zone=mid_center     dist=0.007514 weight=0.515
  ep_031.npz   zone=mid_center     dist=0.007982 weight=0.485

Predicted 3 joint goals:
  goal 1 - approach-ish: [-0.030716 -0.446805 -0.957488 -0.0919    0.357935 -0.007061]
  goal 2 - contact-ish : [-0.033399 -0.814357 -0.426622 -0.093696  0.447278 -0.017191]
  goal 3 - end-push    : [ 0.005625 -0.175907 -1.139979 -0.103242  0.057126 -0.012078]

====================================================================================================
COMPARE WITH TRUE GOAL
====================================================================================================

True 3 joint goals:
  goal 1 - approach-ish: [-0.01214  -0.433216 -0.894473  0.010831  0.107286 -0.124725]
  goal 2 - contact-ish : [-0.024555 -0.805859 -0.386096  0.009699  0.107286 -0.129838]
  goal 3 - end-push    : [ 0.020944 -0.292145 -0.944521 -0.002975  0.08581  -0.124725]

main_classifier_zone error:
  MAE all: 0.07507839053869247
  norm goal 1: 0.20039458572864532
  norm goal 2: 0.23256121575832367
  norm goal 3: 0.27233925461769104
  diff goal 1: [-0.020957 -0.048412 -0.000553 -0.06226   0.166104  0.076863]
  diff goal 2: [-0.002996  0.024939 -0.035627 -0.07912   0.201608  0.072657]
  diff goal 3: [ 0.000765  0.137032 -0.195611 -0.07593  -0.067423  0.082556]

backup_global error:
  MAE all: 0.097151979804039
  norm goal 1: 0.30285942554473877
  norm goal 2: 0.3751899302005768
  norm goal 3: 0.2748001217842102
  diff goal 1: [-0.018575 -0.013589 -0.063015 -0.10273   0.250649  0.117664]
  diff goal 2: [-0.008844 -0.008498 -0.040525 -0.103395  0.339992  0.112647]
  diff goal 3: [-0.015319  0.116238 -0.195458 -0.100267 -0.028684  0.112647]

====================================================================================================
DONE
====================================================================================================
ĐỌC NHANH:
- Đây chỉ là dự đoán offline.
- Tuyệt đối chưa dùng các joint goal này để chạy robot.
- Bước sau ta sẽ tạo dry-run kiểm tra giới hạn khớp và độ nhảy giữa 3 goal.
====================================================================================================
